{"meta": {"version": "6.2", "timestamp": "2021-12-08T08:50:21.425424", "branch_coverage": false, "show_contexts": false}, "files": {"pmm/__init__.py": {"executed_lines": [1], "summary": {"covered_lines": 0, "num_statements": 0, "percent_covered": 100.0, "percent_covered_display": "100", "missing_lines": 0, "excluded_lines": 0}, "missing_lines": [], "excluded_lines": []}, "pmm/apithrottler.py": {"executed_lines": [1, 2, 3, 4, 7, 8, 9, 25, 26, 27, 29, 30, 31, 32], "summary": {"covered_lines": 13, "num_statements": 13, "percent_covered": 100.0, "percent_covered_display": "100", "missing_lines": 0, "excluded_lines": 0}, "missing_lines": [], "excluded_lines": []}, "pmm/metar/__init__.py": {"executed_lines": [1], "summary": {"covered_lines": 0, "num_statements": 0, "percent_covered": 100.0, "percent_covered_display": "100", "missing_lines": 0, "excluded_lines": 0}, "missing_lines": [], "excluded_lines": []}, "pmm/metar/models.py": {"executed_lines": [1, 4, 5, 6, 14, 15, 16, 17, 19, 20, 21, 23, 24, 25, 27, 29, 32, 34, 36], "summary": {"covered_lines": 18, "num_statements": 22, "percent_covered": 81.81818181818181, "percent_covered_display": "82", "missing_lines": 4, "excluded_lines": 0}, "missing_lines": [22, 26, 28, 30], "excluded_lines": []}, "pmm/metar/parser.py": {"executed_lines": [1, 3, 5, 8, 9, 10, 12, 13, 19, 21, 22, 24, 25, 27, 29, 31, 34, 35, 37, 38, 39, 40, 41, 42, 43, 45, 47, 49, 52, 53, 55, 57, 58, 60, 63, 64], "summary": {"covered_lines": 35, "num_statements": 35, "percent_covered": 100.0, "percent_covered_display": "100", "missing_lines": 0, "excluded_lines": 0}, "missing_lines": [], "excluded_lines": []}, "pmm/metar/provider/__init__.py": {"executed_lines": [1, 3, 6, 7, 11, 12, 15, 16], "summary": {"covered_lines": 8, "num_statements": 9, "percent_covered": 88.88888888888889, "percent_covered_display": "89", "missing_lines": 1, "excluded_lines": 0}, "missing_lines": [8], "excluded_lines": []}, "pmm/metar/provider/avwxprovider.py": {"executed_lines": [1, 2, 3, 4, 5, 6, 9, 10, 14], "summary": {"covered_lines": 8, "num_statements": 22, "percent_covered": 36.36363636363637, "percent_covered_display": "36", "missing_lines": 14, "excluded_lines": 0}, "missing_lines": [15, 16, 19, 20, 21, 24, 25, 27, 28, 30, 31, 32, 34, 35], "excluded_lines": []}, "pmm/metar/provider/inmemoryprovider.py": {"executed_lines": [1, 2, 3, 6, 7, 11, 22, 23, 24, 25, 27], "summary": {"covered_lines": 10, "num_statements": 10, "percent_covered": 100.0, "percent_covered_display": "100", "missing_lines": 0, "excluded_lines": 0}, "missing_lines": [], "excluded_lines": []}, "pmm/metar/provider/tests/__init__.py": {"executed_lines": [1], "summary": {"covered_lines": 0, "num_statements": 0, "percent_covered": 100.0, "percent_covered_display": "100", "missing_lines": 0, "excluded_lines": 0}, "missing_lines": [], "excluded_lines": []}, "pmm/metar/provider/tests/test_avwxprovider.py": {"executed_lines": [1, 3, 4, 5, 8, 9, 10, 17, 18, 23, 24], "summary": {"covered_lines": 11, "num_statements": 21, "percent_covered": 52.38095238095238, "percent_covered_display": "52", "missing_lines": 10, "excluded_lines": 0}, "missing_lines": [11, 12, 14, 15, 19, 20, 21, 25, 26, 27], "excluded_lines": []}, "pmm/metar/provider/tests/test_inmemoryprovider.py": {"executed_lines": [1, 3, 4, 5, 8, 9, 10, 11, 13, 14, 16, 17, 18, 19], "summary": {"covered_lines": 14, "num_statements": 14, "percent_covered": 100.0, "percent_covered_display": "100", "missing_lines": 0, "excluded_lines": 0}, "missing_lines": [], "excluded_lines": []}, "pmm/metar/tests/__init__.py": {"executed_lines": [1], "summary": {"covered_lines": 0, "num_statements": 0, "percent_covered": 100.0, "percent_covered_display": "100", "missing_lines": 0, "excluded_lines": 0}, "missing_lines": [], "excluded_lines": []}, "pmm/metar/tests/test_models.py": {"executed_lines": [1, 3, 6, 8, 9, 15, 17, 23], "summary": {"covered_lines": 8, "num_statements": 8, "percent_covered": 100.0, "percent_covered_display": "100", "missing_lines": 0, "excluded_lines": 0}, "missing_lines": [], "excluded_lines": []}, "pmm/metar/tests/test_parser.py": {"executed_lines": [1, 3, 4, 7, 8, 9, 15, 16, 17, 19, 26, 28, 29, 30, 31, 33, 34, 35, 37, 38, 39, 40, 42, 43, 44, 45, 47, 48, 49, 51, 52, 53, 54, 56, 57, 58, 59, 61, 62, 63, 65, 66, 67, 68], "summary": {"covered_lines": 44, "num_statements": 44, "percent_covered": 100.0, "percent_covered_display": "100", "missing_lines": 0, "excluded_lines": 0}, "missing_lines": [], "excluded_lines": []}, "pmm/plotter/__init__.py": {"executed_lines": [1, 2, 3, 6, 7, 8, 9, 10, 13, 15, 16, 19, 20, 23, 24], "summary": {"covered_lines": 15, "num_statements": 18, "percent_covered": 83.33333333333333, "percent_covered_display": "83", "missing_lines": 3, "excluded_lines": 0}, "missing_lines": [17, 21, 25], "excluded_lines": []}, "pmm/plotter/cliplotter.py": {"executed_lines": [1, 3, 6, 7, 14, 17, 25], "summary": {"covered_lines": 6, "num_statements": 13, "percent_covered": 46.15384615384615, "percent_covered_display": "46", "missing_lines": 7, "excluded_lines": 0}, "missing_lines": [15, 18, 20, 22, 23, 26, 27], "excluded_lines": []}, "pmm/plotter/tests/__init__.py": {"executed_lines": [1], "summary": {"covered_lines": 0, "num_statements": 0, "percent_covered": 100.0, "percent_covered_display": "100", "missing_lines": 0, "excluded_lines": 0}, "missing_lines": [], "excluded_lines": []}, "pmm/plotter/tests/test_cliplotter.py": {"executed_lines": [1, 3, 4, 5, 8, 9, 10], "summary": {"covered_lines": 7, "num_statements": 11, "percent_covered": 63.63636363636363, "percent_covered_display": "64", "missing_lines": 4, "excluded_lines": 0}, "missing_lines": [11, 12, 14, 22], "excluded_lines": []}, "pmm/settings.py": {"executed_lines": [1, 10, 23, 29], "summary": {"covered_lines": 4, "num_statements": 4, "percent_covered": 100.0, "percent_covered_display": "100", "missing_lines": 0, "excluded_lines": 0}, "missing_lines": [], "excluded_lines": []}, "pmm/tests/__init__.py": {"executed_lines": [1], "summary": {"covered_lines": 0, "num_statements": 0, "percent_covered": 100.0, "percent_covered_display": "100", "missing_lines": 0, "excluded_lines": 0}, "missing_lines": [], "excluded_lines": []}, "pmm/tests/test_apithrottler.py": {"executed_lines": [1, 2, 4, 7, 8, 9, 12, 13, 14, 16], "summary": {"covered_lines": 10, "num_statements": 10, "percent_covered": 100.0, "percent_covered_display": "100", "missing_lines": 0, "excluded_lines": 0}, "missing_lines": [], "excluded_lines": []}}, "totals": {"covered_lines": 211, "num_statements": 254, "percent_covered": 83.07086614173228, "percent_covered_display": "83", "missing_lines": 43, "excluded_lines": 0}}